<?xml version="1.0" encoding="UTF-8"?>
<testng-results skipped="0" failed="9" total="20" passed="11">
  <reporter-output>
  </reporter-output>
  <suite name="Suite" duration-ms="1265662" started-at="2016-08-10T13:38:01Z" finished-at="2016-08-10T13:59:06Z">
    <groups>
    </groups>
    <test name="Test" duration-ms="1265662" started-at="2016-08-10T13:38:01Z" finished-at="2016-08-10T13:59:06Z">
      <class name="testCases.SelectAppTestCase">
        <test-method status="PASS" signature="commonMet()[pri:0, instance:testCases.SelectAppTestCase@651fd0]" name="commonMet" is-config="true" duration-ms="15444" started-at="2016-08-10T19:10:50Z" finished-at="2016-08-10T19:11:05Z">
          <reporter-output>
          </reporter-output>
        </test-method> <!-- commonMet -->
        <test-method status="PASS" signature="audienceBuilder()[pri:0, instance:testCases.SelectAppTestCase@651fd0]" name="audienceBuilder" duration-ms="11361" started-at="2016-08-10T19:11:05Z" finished-at="2016-08-10T19:11:17Z">
          <reporter-output>
          </reporter-output>
        </test-method> <!-- audienceBuilder -->
        <test-method status="PASS" signature="aftMet()[pri:0, instance:testCases.SelectAppTestCase@651fd0]" name="aftMet" is-config="true" duration-ms="817" started-at="2016-08-10T19:11:17Z" finished-at="2016-08-10T19:11:17Z">
          <reporter-output>
          </reporter-output>
        </test-method> <!-- aftMet -->
      </class> <!-- testCases.SelectAppTestCase -->
      <class name="testCases.SyncACCOUNTTestCase">
        <test-method status="PASS" signature="commonMet()[pri:0, instance:testCases.SyncACCOUNTTestCase@153acfe]" name="commonMet" is-config="true" duration-ms="21353" started-at="2016-08-10T19:27:41Z" finished-at="2016-08-10T19:28:02Z">
          <reporter-output>
          </reporter-output>
        </test-method> <!-- commonMet -->
        <test-method status="FAIL" signature="synxAdditionalNumbermet()[pri:0, instance:testCases.SyncACCOUNTTestCase@153acfe]" name="synxAdditionalNumbermet" duration-ms="63321" started-at="2016-08-10T19:28:02Z" finished-at="2016-08-10T19:29:05Z">
          <exception class="org.openqa.selenium.NoSuchElementException">
            <message>
              <![CDATA[Unable to locate element: {"method":"xpath","selector":"//button[text()='Synchronize']"}
Command duration or timeout: 15.17 seconds
For documentation on this error, please visit: http://seleniumhq.org/exceptions/no_such_element.html
Build info: version: '2.53.0', revision: '35ae25b', time: '2016-03-15 17:00:58'
System info: host: 'AmitSharma-PC', ip: '192.168.1.100', os.name: 'Windows 7', os.arch: 'x86', os.version: '6.1', java.version: '1.8.0_65'
Driver info: org.openqa.selenium.firefox.FirefoxDriver
Capabilities [{applicationCacheEnabled=true, rotatable=false, handlesAlerts=true, databaseEnabled=true, version=46.0.1, platform=WINDOWS, nativeEvents=false, acceptSslCerts=true, webStorageEnabled=true, locationContextEnabled=true, browserName=firefox, takesScreenshot=true, javascriptEnabled=true, cssSelectorsEnabled=true}]
Session ID: 66f00958-d6e1-440b-a5b9-116dc18ffb96
*** Element info: {Using=xpath, value=//button[text()='Synchronize']}]]>
            </message>
            <full-stacktrace>
              <![CDATA[org.openqa.selenium.NoSuchElementException: Unable to locate element: {"method":"xpath","selector":"//button[text()='Synchronize']"}
Command duration or timeout: 15.17 seconds
For documentation on this error, please visit: http://seleniumhq.org/exceptions/no_such_element.html
Build info: version: '2.53.0', revision: '35ae25b', time: '2016-03-15 17:00:58'
System info: host: 'AmitSharma-PC', ip: '192.168.1.100', os.name: 'Windows 7', os.arch: 'x86', os.version: '6.1', java.version: '1.8.0_65'
Driver info: org.openqa.selenium.firefox.FirefoxDriver
Capabilities [{applicationCacheEnabled=true, rotatable=false, handlesAlerts=true, databaseEnabled=true, version=46.0.1, platform=WINDOWS, nativeEvents=false, acceptSslCerts=true, webStorageEnabled=true, locationContextEnabled=true, browserName=firefox, takesScreenshot=true, javascriptEnabled=true, cssSelectorsEnabled=true}]
Session ID: 66f00958-d6e1-440b-a5b9-116dc18ffb96
*** Element info: {Using=xpath, value=//button[text()='Synchronize']}
	at sun.reflect.GeneratedConstructorAccessor18.newInstance(Unknown Source)
	at sun.reflect.DelegatingConstructorAccessorImpl.newInstance(Unknown Source)
	at java.lang.reflect.Constructor.newInstance(Unknown Source)
	at org.openqa.selenium.remote.ErrorHandler.createThrowable(ErrorHandler.java:206)
	at org.openqa.selenium.remote.ErrorHandler.throwIfResponseFailed(ErrorHandler.java:158)
	at org.openqa.selenium.remote.RemoteWebDriver.execute(RemoteWebDriver.java:678)
	at org.openqa.selenium.remote.RemoteWebDriver.findElement(RemoteWebDriver.java:363)
	at org.openqa.selenium.remote.RemoteWebDriver.findElementByXPath(RemoteWebDriver.java:500)
	at pages.AvailableEntitiesPage.additionalNumber(AvailableEntitiesPage.java:87)
	at testCases.SyncACCOUNTTestCase.synxAdditionalNumbermet(SyncACCOUNTTestCase.java:51)
	at sun.reflect.NativeMethodAccessorImpl.invoke0(Native Method)
	at sun.reflect.NativeMethodAccessorImpl.invoke(Unknown Source)
	at sun.reflect.DelegatingMethodAccessorImpl.invoke(Unknown Source)
	at java.lang.reflect.Method.invoke(Unknown Source)
	at org.testng.internal.MethodInvocationHelper.invokeMethod(MethodInvocationHelper.java:85)
	at org.testng.internal.Invoker.invokeMethod(Invoker.java:639)
	at org.testng.internal.Invoker.invokeTestMethod(Invoker.java:816)
	at org.testng.internal.Invoker.invokeTestMethods(Invoker.java:1124)
	at org.testng.internal.TestMethodWorker.invokeTestMethods(TestMethodWorker.java:125)
	at org.testng.internal.TestMethodWorker.run(TestMethodWorker.java:108)
	at org.testng.TestRunner.privateRun(TestRunner.java:774)
	at org.testng.TestRunner.run(TestRunner.java:624)
	at org.testng.SuiteRunner.runTest(SuiteRunner.java:359)
	at org.testng.SuiteRunner.runSequentially(SuiteRunner.java:354)
	at org.testng.SuiteRunner.privateRun(SuiteRunner.java:312)
	at org.testng.SuiteRunner.run(SuiteRunner.java:261)
	at org.testng.SuiteRunnerWorker.runSuite(SuiteRunnerWorker.java:52)
	at org.testng.SuiteRunnerWorker.run(SuiteRunnerWorker.java:86)
	at org.testng.TestNG.runSuitesSequentially(TestNG.java:1215)
	at org.testng.TestNG.runSuitesLocally(TestNG.java:1140)
	at org.testng.TestNG.run(TestNG.java:1048)
	at org.testng.remote.AbstractRemoteTestNG.run(AbstractRemoteTestNG.java:126)
	at org.testng.remote.RemoteTestNG.initAndRun(RemoteTestNG.java:152)
	at org.testng.remote.RemoteTestNG.main(RemoteTestNG.java:57)
Caused by: org.openqa.selenium.NoSuchElementException: Unable to locate element: {"method":"xpath","selector":"//button[text()='Synchronize']"}
For documentation on this error, please visit: http://seleniumhq.org/exceptions/no_such_element.html
Build info: version: '2.53.0', revision: '35ae25b', time: '2016-03-15 17:00:58'
System info: host: 'AmitSharma-PC', ip: '192.168.1.100', os.name: 'Windows 7', os.arch: 'x86', os.version: '6.1', java.version: '1.8.0_65'
Driver info: driver.version: unknown
	at <anonymous class>.FirefoxDriver.prototype.findElementInternal_(file:///C:/Users/AMITSH~1/AppData/Local/Temp/anonymous8859374293188238935webdriver-profile/extensions/fxdriver@googlecode.com/components/driver-component.js:10770)
	at <anonymous class>.fxdriver.Timer.prototype.setTimeout/<.notify(file:///C:/Users/AMITSH~1/AppData/Local/Temp/anonymous8859374293188238935webdriver-profile/extensions/fxdriver@googlecode.com/components/driver-component.js:625)
]]>
            </full-stacktrace>
          </exception> <!-- org.openqa.selenium.NoSuchElementException -->
          <reporter-output>
          </reporter-output>
        </test-method> <!-- synxAdditionalNumbermet -->
        <test-method status="PASS" signature="aftMet()[pri:0, instance:testCases.SyncACCOUNTTestCase@153acfe]" name="aftMet" is-config="true" duration-ms="939" started-at="2016-08-10T19:29:05Z" finished-at="2016-08-10T19:29:06Z">
          <reporter-output>
          </reporter-output>
        </test-method> <!-- aftMet -->
      </class> <!-- testCases.SyncACCOUNTTestCase -->
      <class name="testCases.DataSourceTestcase">
        <test-method status="PASS" signature="commonMet()[pri:0, instance:testCases.DataSourceTestcase@19a81e8]" name="commonMet" is-config="true" duration-ms="18502" started-at="2016-08-10T19:09:55Z" finished-at="2016-08-10T19:10:13Z">
          <reporter-output>
          </reporter-output>
        </test-method> <!-- commonMet -->
        <test-method status="PASS" signature="clicksynchrinized()[pri:0, instance:testCases.DataSourceTestcase@19a81e8]" name="clicksynchrinized" duration-ms="35394" started-at="2016-08-10T19:10:13Z" finished-at="2016-08-10T19:10:49Z">
          <reporter-output>
          </reporter-output>
        </test-method> <!-- clicksynchrinized -->
        <test-method status="PASS" signature="aftMet()[pri:0, instance:testCases.DataSourceTestcase@19a81e8]" name="aftMet" is-config="true" duration-ms="1137" started-at="2016-08-10T19:10:49Z" finished-at="2016-08-10T19:10:50Z">
          <reporter-output>
          </reporter-output>
        </test-method> <!-- aftMet -->
      </class> <!-- testCases.DataSourceTestcase -->
      <class name="testCases.SyncUSERTestCase">
        <test-method status="PASS" signature="commonMet()[pri:0, instance:testCases.SyncUSERTestCase@16a51ab]" name="commonMet" is-config="true" duration-ms="12281" started-at="2016-08-10T19:18:19Z" finished-at="2016-08-10T19:18:31Z">
          <reporter-output>
          </reporter-output>
        </test-method> <!-- commonMet -->
        <test-method status="FAIL" signature="synxAdditionalNumbermet()[pri:0, instance:testCases.SyncUSERTestCase@16a51ab]" name="synxAdditionalNumbermet" duration-ms="65114" started-at="2016-08-10T19:18:31Z" finished-at="2016-08-10T19:19:36Z">
          <exception class="org.openqa.selenium.NoSuchElementException">
            <message>
              <![CDATA[Unable to locate element: {"method":"xpath","selector":"//button[text()='Synchronize']"}
Command duration or timeout: 15.15 seconds
For documentation on this error, please visit: http://seleniumhq.org/exceptions/no_such_element.html
Build info: version: '2.53.0', revision: '35ae25b', time: '2016-03-15 17:00:58'
System info: host: 'AmitSharma-PC', ip: '192.168.1.100', os.name: 'Windows 7', os.arch: 'x86', os.version: '6.1', java.version: '1.8.0_65'
Driver info: org.openqa.selenium.firefox.FirefoxDriver
Capabilities [{applicationCacheEnabled=true, rotatable=false, handlesAlerts=true, databaseEnabled=true, version=46.0.1, platform=WINDOWS, nativeEvents=false, acceptSslCerts=true, webStorageEnabled=true, locationContextEnabled=true, browserName=firefox, takesScreenshot=true, javascriptEnabled=true, cssSelectorsEnabled=true}]
Session ID: 6225503d-2917-470f-b632-dcfaba499c3e
*** Element info: {Using=xpath, value=//button[text()='Synchronize']}]]>
            </message>
            <full-stacktrace>
              <![CDATA[org.openqa.selenium.NoSuchElementException: Unable to locate element: {"method":"xpath","selector":"//button[text()='Synchronize']"}
Command duration or timeout: 15.15 seconds
For documentation on this error, please visit: http://seleniumhq.org/exceptions/no_such_element.html
Build info: version: '2.53.0', revision: '35ae25b', time: '2016-03-15 17:00:58'
System info: host: 'AmitSharma-PC', ip: '192.168.1.100', os.name: 'Windows 7', os.arch: 'x86', os.version: '6.1', java.version: '1.8.0_65'
Driver info: org.openqa.selenium.firefox.FirefoxDriver
Capabilities [{applicationCacheEnabled=true, rotatable=false, handlesAlerts=true, databaseEnabled=true, version=46.0.1, platform=WINDOWS, nativeEvents=false, acceptSslCerts=true, webStorageEnabled=true, locationContextEnabled=true, browserName=firefox, takesScreenshot=true, javascriptEnabled=true, cssSelectorsEnabled=true}]
Session ID: 6225503d-2917-470f-b632-dcfaba499c3e
*** Element info: {Using=xpath, value=//button[text()='Synchronize']}
	at sun.reflect.GeneratedConstructorAccessor15.newInstance(Unknown Source)
	at sun.reflect.DelegatingConstructorAccessorImpl.newInstance(Unknown Source)
	at java.lang.reflect.Constructor.newInstance(Unknown Source)
	at org.openqa.selenium.remote.ErrorHandler.createThrowable(ErrorHandler.java:206)
	at org.openqa.selenium.remote.ErrorHandler.throwIfResponseFailed(ErrorHandler.java:158)
	at org.openqa.selenium.remote.RemoteWebDriver.execute(RemoteWebDriver.java:678)
	at org.openqa.selenium.remote.RemoteWebDriver.findElement(RemoteWebDriver.java:363)
	at org.openqa.selenium.remote.RemoteWebDriver.findElementByXPath(RemoteWebDriver.java:500)
	at pages.AvailableEntitiesPage.user(AvailableEntitiesPage.java:25)
	at testCases.SyncUSERTestCase.synxAdditionalNumbermet(SyncUSERTestCase.java:54)
	at sun.reflect.NativeMethodAccessorImpl.invoke0(Native Method)
	at sun.reflect.NativeMethodAccessorImpl.invoke(Unknown Source)
	at sun.reflect.DelegatingMethodAccessorImpl.invoke(Unknown Source)
	at java.lang.reflect.Method.invoke(Unknown Source)
	at org.testng.internal.MethodInvocationHelper.invokeMethod(MethodInvocationHelper.java:85)
	at org.testng.internal.Invoker.invokeMethod(Invoker.java:639)
	at org.testng.internal.Invoker.invokeTestMethod(Invoker.java:816)
	at org.testng.internal.Invoker.invokeTestMethods(Invoker.java:1124)
	at org.testng.internal.TestMethodWorker.invokeTestMethods(TestMethodWorker.java:125)
	at org.testng.internal.TestMethodWorker.run(TestMethodWorker.java:108)
	at org.testng.TestRunner.privateRun(TestRunner.java:774)
	at org.testng.TestRunner.run(TestRunner.java:624)
	at org.testng.SuiteRunner.runTest(SuiteRunner.java:359)
	at org.testng.SuiteRunner.runSequentially(SuiteRunner.java:354)
	at org.testng.SuiteRunner.privateRun(SuiteRunner.java:312)
	at org.testng.SuiteRunner.run(SuiteRunner.java:261)
	at org.testng.SuiteRunnerWorker.runSuite(SuiteRunnerWorker.java:52)
	at org.testng.SuiteRunnerWorker.run(SuiteRunnerWorker.java:86)
	at org.testng.TestNG.runSuitesSequentially(TestNG.java:1215)
	at org.testng.TestNG.runSuitesLocally(TestNG.java:1140)
	at org.testng.TestNG.run(TestNG.java:1048)
	at org.testng.remote.AbstractRemoteTestNG.run(AbstractRemoteTestNG.java:126)
	at org.testng.remote.RemoteTestNG.initAndRun(RemoteTestNG.java:152)
	at org.testng.remote.RemoteTestNG.main(RemoteTestNG.java:57)
Caused by: org.openqa.selenium.NoSuchElementException: Unable to locate element: {"method":"xpath","selector":"//button[text()='Synchronize']"}
For documentation on this error, please visit: http://seleniumhq.org/exceptions/no_such_element.html
Build info: version: '2.53.0', revision: '35ae25b', time: '2016-03-15 17:00:58'
System info: host: 'AmitSharma-PC', ip: '192.168.1.100', os.name: 'Windows 7', os.arch: 'x86', os.version: '6.1', java.version: '1.8.0_65'
Driver info: driver.version: unknown
	at <anonymous class>.FirefoxDriver.prototype.findElementInternal_(file:///C:/Users/AMITSH~1/AppData/Local/Temp/anonymous5679406016066627558webdriver-profile/extensions/fxdriver@googlecode.com/components/driver-component.js:10770)
	at <anonymous class>.fxdriver.Timer.prototype.setTimeout/<.notify(file:///C:/Users/AMITSH~1/AppData/Local/Temp/anonymous5679406016066627558webdriver-profile/extensions/fxdriver@googlecode.com/components/driver-component.js:625)
]]>
            </full-stacktrace>
          </exception> <!-- org.openqa.selenium.NoSuchElementException -->
          <reporter-output>
          </reporter-output>
        </test-method> <!-- synxAdditionalNumbermet -->
        <test-method status="PASS" signature="aftMet()[pri:0, instance:testCases.SyncUSERTestCase@16a51ab]" name="aftMet" is-config="true" duration-ms="1208" started-at="2016-08-10T19:19:36Z" finished-at="2016-08-10T19:19:37Z">
          <reporter-output>
          </reporter-output>
        </test-method> <!-- aftMet -->
      </class> <!-- testCases.SyncUSERTestCase -->
      <class name="testCases.SyncCONTACTTestCase">
        <test-method status="PASS" signature="commonMet()[pri:0, instance:testCases.SyncCONTACTTestCase@1933fd1]" name="commonMet" is-config="true" duration-ms="22785" started-at="2016-08-10T19:24:45Z" finished-at="2016-08-10T19:25:08Z">
          <reporter-output>
          </reporter-output>
        </test-method> <!-- commonMet -->
        <test-method status="FAIL" signature="synxAdditionalNumbermet()[pri:0, instance:testCases.SyncCONTACTTestCase@1933fd1]" name="synxAdditionalNumbermet" duration-ms="66927" started-at="2016-08-10T19:25:08Z" finished-at="2016-08-10T19:26:15Z">
          <exception class="org.openqa.selenium.NoSuchElementException">
            <message>
              <![CDATA[Unable to locate element: {"method":"xpath","selector":"//button[text()='Synchronize']"}
Command duration or timeout: 15.13 seconds
For documentation on this error, please visit: http://seleniumhq.org/exceptions/no_such_element.html
Build info: version: '2.53.0', revision: '35ae25b', time: '2016-03-15 17:00:58'
System info: host: 'AmitSharma-PC', ip: '192.168.1.100', os.name: 'Windows 7', os.arch: 'x86', os.version: '6.1', java.version: '1.8.0_65'
Driver info: org.openqa.selenium.firefox.FirefoxDriver
Capabilities [{applicationCacheEnabled=true, rotatable=false, handlesAlerts=true, databaseEnabled=true, version=46.0.1, platform=WINDOWS, nativeEvents=false, acceptSslCerts=true, webStorageEnabled=true, locationContextEnabled=true, browserName=firefox, takesScreenshot=true, javascriptEnabled=true, cssSelectorsEnabled=true}]
Session ID: f301c7b5-844e-41fa-b800-0c43fc2b2f8a
*** Element info: {Using=xpath, value=//button[text()='Synchronize']}]]>
            </message>
            <full-stacktrace>
              <![CDATA[org.openqa.selenium.NoSuchElementException: Unable to locate element: {"method":"xpath","selector":"//button[text()='Synchronize']"}
Command duration or timeout: 15.13 seconds
For documentation on this error, please visit: http://seleniumhq.org/exceptions/no_such_element.html
Build info: version: '2.53.0', revision: '35ae25b', time: '2016-03-15 17:00:58'
System info: host: 'AmitSharma-PC', ip: '192.168.1.100', os.name: 'Windows 7', os.arch: 'x86', os.version: '6.1', java.version: '1.8.0_65'
Driver info: org.openqa.selenium.firefox.FirefoxDriver
Capabilities [{applicationCacheEnabled=true, rotatable=false, handlesAlerts=true, databaseEnabled=true, version=46.0.1, platform=WINDOWS, nativeEvents=false, acceptSslCerts=true, webStorageEnabled=true, locationContextEnabled=true, browserName=firefox, takesScreenshot=true, javascriptEnabled=true, cssSelectorsEnabled=true}]
Session ID: f301c7b5-844e-41fa-b800-0c43fc2b2f8a
*** Element info: {Using=xpath, value=//button[text()='Synchronize']}
	at sun.reflect.GeneratedConstructorAccessor18.newInstance(Unknown Source)
	at sun.reflect.DelegatingConstructorAccessorImpl.newInstance(Unknown Source)
	at java.lang.reflect.Constructor.newInstance(Unknown Source)
	at org.openqa.selenium.remote.ErrorHandler.createThrowable(ErrorHandler.java:206)
	at org.openqa.selenium.remote.ErrorHandler.throwIfResponseFailed(ErrorHandler.java:158)
	at org.openqa.selenium.remote.RemoteWebDriver.execute(RemoteWebDriver.java:678)
	at org.openqa.selenium.remote.RemoteWebDriver.findElement(RemoteWebDriver.java:363)
	at org.openqa.selenium.remote.RemoteWebDriver.findElementByXPath(RemoteWebDriver.java:500)
	at pages.AvailableEntitiesPage.additionalNumber(AvailableEntitiesPage.java:87)
	at testCases.SyncCONTACTTestCase.synxAdditionalNumbermet(SyncCONTACTTestCase.java:53)
	at sun.reflect.NativeMethodAccessorImpl.invoke0(Native Method)
	at sun.reflect.NativeMethodAccessorImpl.invoke(Unknown Source)
	at sun.reflect.DelegatingMethodAccessorImpl.invoke(Unknown Source)
	at java.lang.reflect.Method.invoke(Unknown Source)
	at org.testng.internal.MethodInvocationHelper.invokeMethod(MethodInvocationHelper.java:85)
	at org.testng.internal.Invoker.invokeMethod(Invoker.java:639)
	at org.testng.internal.Invoker.invokeTestMethod(Invoker.java:816)
	at org.testng.internal.Invoker.invokeTestMethods(Invoker.java:1124)
	at org.testng.internal.TestMethodWorker.invokeTestMethods(TestMethodWorker.java:125)
	at org.testng.internal.TestMethodWorker.run(TestMethodWorker.java:108)
	at org.testng.TestRunner.privateRun(TestRunner.java:774)
	at org.testng.TestRunner.run(TestRunner.java:624)
	at org.testng.SuiteRunner.runTest(SuiteRunner.java:359)
	at org.testng.SuiteRunner.runSequentially(SuiteRunner.java:354)
	at org.testng.SuiteRunner.privateRun(SuiteRunner.java:312)
	at org.testng.SuiteRunner.run(SuiteRunner.java:261)
	at org.testng.SuiteRunnerWorker.runSuite(SuiteRunnerWorker.java:52)
	at org.testng.SuiteRunnerWorker.run(SuiteRunnerWorker.java:86)
	at org.testng.TestNG.runSuitesSequentially(TestNG.java:1215)
	at org.testng.TestNG.runSuitesLocally(TestNG.java:1140)
	at org.testng.TestNG.run(TestNG.java:1048)
	at org.testng.remote.AbstractRemoteTestNG.run(AbstractRemoteTestNG.java:126)
	at org.testng.remote.RemoteTestNG.initAndRun(RemoteTestNG.java:152)
	at org.testng.remote.RemoteTestNG.main(RemoteTestNG.java:57)
Caused by: org.openqa.selenium.NoSuchElementException: Unable to locate element: {"method":"xpath","selector":"//button[text()='Synchronize']"}
For documentation on this error, please visit: http://seleniumhq.org/exceptions/no_such_element.html
Build info: version: '2.53.0', revision: '35ae25b', time: '2016-03-15 17:00:58'
System info: host: 'AmitSharma-PC', ip: '192.168.1.100', os.name: 'Windows 7', os.arch: 'x86', os.version: '6.1', java.version: '1.8.0_65'
Driver info: driver.version: unknown
	at <anonymous class>.FirefoxDriver.prototype.findElementInternal_(file:///C:/Users/AMITSH~1/AppData/Local/Temp/anonymous783837503473183419webdriver-profile/extensions/fxdriver@googlecode.com/components/driver-component.js:10770)
	at <anonymous class>.fxdriver.Timer.prototype.setTimeout/<.notify(file:///C:/Users/AMITSH~1/AppData/Local/Temp/anonymous783837503473183419webdriver-profile/extensions/fxdriver@googlecode.com/components/driver-component.js:625)
]]>
            </full-stacktrace>
          </exception> <!-- org.openqa.selenium.NoSuchElementException -->
          <reporter-output>
          </reporter-output>
        </test-method> <!-- synxAdditionalNumbermet -->
        <test-method status="PASS" signature="aftMet()[pri:0, instance:testCases.SyncCONTACTTestCase@1933fd1]" name="aftMet" is-config="true" duration-ms="908" started-at="2016-08-10T19:26:15Z" finished-at="2016-08-10T19:26:16Z">
          <reporter-output>
          </reporter-output>
        </test-method> <!-- aftMet -->
      </class> <!-- testCases.SyncCONTACTTestCase -->
      <class name="testCases.SyncCASETestCase">
        <test-method status="PASS" signature="commonMet()[pri:0, instance:testCases.SyncCASETestCase@120ebad]" name="commonMet" is-config="true" duration-ms="16183" started-at="2016-08-10T19:12:30Z" finished-at="2016-08-10T19:12:46Z">
          <reporter-output>
          </reporter-output>
        </test-method> <!-- commonMet -->
        <test-method status="PASS" signature="synxAdditionalNumbermet()[pri:0, instance:testCases.SyncCASETestCase@120ebad]" name="synxAdditionalNumbermet" duration-ms="115688" started-at="2016-08-10T19:12:46Z" finished-at="2016-08-10T19:14:42Z">
          <reporter-output>
          </reporter-output>
        </test-method> <!-- synxAdditionalNumbermet -->
        <test-method status="PASS" signature="aftMet()[pri:0, instance:testCases.SyncCASETestCase@120ebad]" name="aftMet" is-config="true" duration-ms="2208" started-at="2016-08-10T19:14:42Z" finished-at="2016-08-10T19:14:44Z">
          <reporter-output>
          </reporter-output>
        </test-method> <!-- aftMet -->
      </class> <!-- testCases.SyncCASETestCase -->
      <class name="testCases.SyncCALLCENTERTestCase">
        <test-method status="PASS" signature="commonMet()[pri:0, instance:testCases.SyncCALLCENTERTestCase@8a9f61]" name="commonMet" is-config="true" duration-ms="17103" started-at="2016-08-10T19:26:16Z" finished-at="2016-08-10T19:26:33Z">
          <reporter-output>
          </reporter-output>
        </test-method> <!-- commonMet -->
        <test-method status="FAIL" signature="synxAdditionalNumbermet()[pri:0, instance:testCases.SyncCALLCENTERTestCase@8a9f61]" name="synxAdditionalNumbermet" duration-ms="66699" started-at="2016-08-10T19:26:33Z" finished-at="2016-08-10T19:27:39Z">
          <exception class="org.openqa.selenium.NoSuchElementException">
            <message>
              <![CDATA[Unable to locate element: {"method":"xpath","selector":"//button[text()='Synchronize']"}
Command duration or timeout: 15.09 seconds
For documentation on this error, please visit: http://seleniumhq.org/exceptions/no_such_element.html
Build info: version: '2.53.0', revision: '35ae25b', time: '2016-03-15 17:00:58'
System info: host: 'AmitSharma-PC', ip: '192.168.1.100', os.name: 'Windows 7', os.arch: 'x86', os.version: '6.1', java.version: '1.8.0_65'
Driver info: org.openqa.selenium.firefox.FirefoxDriver
Capabilities [{applicationCacheEnabled=true, rotatable=false, handlesAlerts=true, databaseEnabled=true, version=46.0.1, platform=WINDOWS, nativeEvents=false, acceptSslCerts=true, webStorageEnabled=true, locationContextEnabled=true, browserName=firefox, takesScreenshot=true, javascriptEnabled=true, cssSelectorsEnabled=true}]
Session ID: 32c1b321-abe8-4511-8c2e-c8f54405ea64
*** Element info: {Using=xpath, value=//button[text()='Synchronize']}]]>
            </message>
            <full-stacktrace>
              <![CDATA[org.openqa.selenium.NoSuchElementException: Unable to locate element: {"method":"xpath","selector":"//button[text()='Synchronize']"}
Command duration or timeout: 15.09 seconds
For documentation on this error, please visit: http://seleniumhq.org/exceptions/no_such_element.html
Build info: version: '2.53.0', revision: '35ae25b', time: '2016-03-15 17:00:58'
System info: host: 'AmitSharma-PC', ip: '192.168.1.100', os.name: 'Windows 7', os.arch: 'x86', os.version: '6.1', java.version: '1.8.0_65'
Driver info: org.openqa.selenium.firefox.FirefoxDriver
Capabilities [{applicationCacheEnabled=true, rotatable=false, handlesAlerts=true, databaseEnabled=true, version=46.0.1, platform=WINDOWS, nativeEvents=false, acceptSslCerts=true, webStorageEnabled=true, locationContextEnabled=true, browserName=firefox, takesScreenshot=true, javascriptEnabled=true, cssSelectorsEnabled=true}]
Session ID: 32c1b321-abe8-4511-8c2e-c8f54405ea64
*** Element info: {Using=xpath, value=//button[text()='Synchronize']}
	at sun.reflect.GeneratedConstructorAccessor18.newInstance(Unknown Source)
	at sun.reflect.DelegatingConstructorAccessorImpl.newInstance(Unknown Source)
	at java.lang.reflect.Constructor.newInstance(Unknown Source)
	at org.openqa.selenium.remote.ErrorHandler.createThrowable(ErrorHandler.java:206)
	at org.openqa.selenium.remote.ErrorHandler.throwIfResponseFailed(ErrorHandler.java:158)
	at org.openqa.selenium.remote.RemoteWebDriver.execute(RemoteWebDriver.java:678)
	at org.openqa.selenium.remote.RemoteWebDriver.findElement(RemoteWebDriver.java:363)
	at org.openqa.selenium.remote.RemoteWebDriver.findElementByXPath(RemoteWebDriver.java:500)
	at pages.AvailableEntitiesPage.callCenter(AvailableEntitiesPage.java:195)
	at testCases.SyncCALLCENTERTestCase.synxAdditionalNumbermet(SyncCALLCENTERTestCase.java:51)
	at sun.reflect.NativeMethodAccessorImpl.invoke0(Native Method)
	at sun.reflect.NativeMethodAccessorImpl.invoke(Unknown Source)
	at sun.reflect.DelegatingMethodAccessorImpl.invoke(Unknown Source)
	at java.lang.reflect.Method.invoke(Unknown Source)
	at org.testng.internal.MethodInvocationHelper.invokeMethod(MethodInvocationHelper.java:85)
	at org.testng.internal.Invoker.invokeMethod(Invoker.java:639)
	at org.testng.internal.Invoker.invokeTestMethod(Invoker.java:816)
	at org.testng.internal.Invoker.invokeTestMethods(Invoker.java:1124)
	at org.testng.internal.TestMethodWorker.invokeTestMethods(TestMethodWorker.java:125)
	at org.testng.internal.TestMethodWorker.run(TestMethodWorker.java:108)
	at org.testng.TestRunner.privateRun(TestRunner.java:774)
	at org.testng.TestRunner.run(TestRunner.java:624)
	at org.testng.SuiteRunner.runTest(SuiteRunner.java:359)
	at org.testng.SuiteRunner.runSequentially(SuiteRunner.java:354)
	at org.testng.SuiteRunner.privateRun(SuiteRunner.java:312)
	at org.testng.SuiteRunner.run(SuiteRunner.java:261)
	at org.testng.SuiteRunnerWorker.runSuite(SuiteRunnerWorker.java:52)
	at org.testng.SuiteRunnerWorker.run(SuiteRunnerWorker.java:86)
	at org.testng.TestNG.runSuitesSequentially(TestNG.java:1215)
	at org.testng.TestNG.runSuitesLocally(TestNG.java:1140)
	at org.testng.TestNG.run(TestNG.java:1048)
	at org.testng.remote.AbstractRemoteTestNG.run(AbstractRemoteTestNG.java:126)
	at org.testng.remote.RemoteTestNG.initAndRun(RemoteTestNG.java:152)
	at org.testng.remote.RemoteTestNG.main(RemoteTestNG.java:57)
Caused by: org.openqa.selenium.NoSuchElementException: Unable to locate element: {"method":"xpath","selector":"//button[text()='Synchronize']"}
For documentation on this error, please visit: http://seleniumhq.org/exceptions/no_such_element.html
Build info: version: '2.53.0', revision: '35ae25b', time: '2016-03-15 17:00:58'
System info: host: 'AmitSharma-PC', ip: '192.168.1.100', os.name: 'Windows 7', os.arch: 'x86', os.version: '6.1', java.version: '1.8.0_65'
Driver info: driver.version: unknown
	at <anonymous class>.FirefoxDriver.prototype.findElementInternal_(file:///C:/Users/AMITSH~1/AppData/Local/Temp/anonymous153861727070629381webdriver-profile/extensions/fxdriver@googlecode.com/components/driver-component.js:10770)
	at <anonymous class>.fxdriver.Timer.prototype.setTimeout/<.notify(file:///C:/Users/AMITSH~1/AppData/Local/Temp/anonymous153861727070629381webdriver-profile/extensions/fxdriver@googlecode.com/components/driver-component.js:625)
]]>
            </full-stacktrace>
          </exception> <!-- org.openqa.selenium.NoSuchElementException -->
          <reporter-output>
          </reporter-output>
        </test-method> <!-- synxAdditionalNumbermet -->
        <test-method status="PASS" signature="aftMet()[pri:0, instance:testCases.SyncCALLCENTERTestCase@8a9f61]" name="aftMet" is-config="true" duration-ms="1083" started-at="2016-08-10T19:27:39Z" finished-at="2016-08-10T19:27:41Z">
          <reporter-output>
          </reporter-output>
        </test-method> <!-- aftMet -->
      </class> <!-- testCases.SyncCALLCENTERTestCase -->
      <class name="testCases.SyncBUSINESSPROCESSTestCase">
        <test-method status="PASS" signature="commonMet()[pri:0, instance:testCases.SyncBUSINESSPROCESSTestCase@12cc05a]" name="commonMet" is-config="true" duration-ms="16095" started-at="2016-08-10T19:23:26Z" finished-at="2016-08-10T19:23:42Z">
          <reporter-output>
          </reporter-output>
        </test-method> <!-- commonMet -->
        <test-method status="FAIL" signature="synxAdditionalNumbermet()[pri:0, instance:testCases.SyncBUSINESSPROCESSTestCase@12cc05a]" name="synxAdditionalNumbermet" duration-ms="61861" started-at="2016-08-10T19:23:42Z" finished-at="2016-08-10T19:24:44Z">
          <exception class="org.openqa.selenium.NoSuchElementException">
            <message>
              <![CDATA[Unable to locate element: {"method":"xpath","selector":"//button[text()='Synchronize']"}
Command duration or timeout: 15.18 seconds
For documentation on this error, please visit: http://seleniumhq.org/exceptions/no_such_element.html
Build info: version: '2.53.0', revision: '35ae25b', time: '2016-03-15 17:00:58'
System info: host: 'AmitSharma-PC', ip: '192.168.1.100', os.name: 'Windows 7', os.arch: 'x86', os.version: '6.1', java.version: '1.8.0_65'
Driver info: org.openqa.selenium.firefox.FirefoxDriver
Capabilities [{applicationCacheEnabled=true, rotatable=false, handlesAlerts=true, databaseEnabled=true, version=46.0.1, platform=WINDOWS, nativeEvents=false, acceptSslCerts=true, webStorageEnabled=true, locationContextEnabled=true, browserName=firefox, takesScreenshot=true, javascriptEnabled=true, cssSelectorsEnabled=true}]
Session ID: 03019383-6a75-4392-b8f3-fa3fa15f1e2d
*** Element info: {Using=xpath, value=//button[text()='Synchronize']}]]>
            </message>
            <full-stacktrace>
              <![CDATA[org.openqa.selenium.NoSuchElementException: Unable to locate element: {"method":"xpath","selector":"//button[text()='Synchronize']"}
Command duration or timeout: 15.18 seconds
For documentation on this error, please visit: http://seleniumhq.org/exceptions/no_such_element.html
Build info: version: '2.53.0', revision: '35ae25b', time: '2016-03-15 17:00:58'
System info: host: 'AmitSharma-PC', ip: '192.168.1.100', os.name: 'Windows 7', os.arch: 'x86', os.version: '6.1', java.version: '1.8.0_65'
Driver info: org.openqa.selenium.firefox.FirefoxDriver
Capabilities [{applicationCacheEnabled=true, rotatable=false, handlesAlerts=true, databaseEnabled=true, version=46.0.1, platform=WINDOWS, nativeEvents=false, acceptSslCerts=true, webStorageEnabled=true, locationContextEnabled=true, browserName=firefox, takesScreenshot=true, javascriptEnabled=true, cssSelectorsEnabled=true}]
Session ID: 03019383-6a75-4392-b8f3-fa3fa15f1e2d
*** Element info: {Using=xpath, value=//button[text()='Synchronize']}
	at sun.reflect.GeneratedConstructorAccessor18.newInstance(Unknown Source)
	at sun.reflect.DelegatingConstructorAccessorImpl.newInstance(Unknown Source)
	at java.lang.reflect.Constructor.newInstance(Unknown Source)
	at org.openqa.selenium.remote.ErrorHandler.createThrowable(ErrorHandler.java:206)
	at org.openqa.selenium.remote.ErrorHandler.throwIfResponseFailed(ErrorHandler.java:158)
	at org.openqa.selenium.remote.RemoteWebDriver.execute(RemoteWebDriver.java:678)
	at org.openqa.selenium.remote.RemoteWebDriver.findElement(RemoteWebDriver.java:363)
	at org.openqa.selenium.remote.RemoteWebDriver.findElementByXPath(RemoteWebDriver.java:500)
	at pages.AvailableEntitiesPage.businessProcess(AvailableEntitiesPage.java:145)
	at testCases.SyncBUSINESSPROCESSTestCase.synxAdditionalNumbermet(SyncBUSINESSPROCESSTestCase.java:53)
	at sun.reflect.NativeMethodAccessorImpl.invoke0(Native Method)
	at sun.reflect.NativeMethodAccessorImpl.invoke(Unknown Source)
	at sun.reflect.DelegatingMethodAccessorImpl.invoke(Unknown Source)
	at java.lang.reflect.Method.invoke(Unknown Source)
	at org.testng.internal.MethodInvocationHelper.invokeMethod(MethodInvocationHelper.java:85)
	at org.testng.internal.Invoker.invokeMethod(Invoker.java:639)
	at org.testng.internal.Invoker.invokeTestMethod(Invoker.java:816)
	at org.testng.internal.Invoker.invokeTestMethods(Invoker.java:1124)
	at org.testng.internal.TestMethodWorker.invokeTestMethods(TestMethodWorker.java:125)
	at org.testng.internal.TestMethodWorker.run(TestMethodWorker.java:108)
	at org.testng.TestRunner.privateRun(TestRunner.java:774)
	at org.testng.TestRunner.run(TestRunner.java:624)
	at org.testng.SuiteRunner.runTest(SuiteRunner.java:359)
	at org.testng.SuiteRunner.runSequentially(SuiteRunner.java:354)
	at org.testng.SuiteRunner.privateRun(SuiteRunner.java:312)
	at org.testng.SuiteRunner.run(SuiteRunner.java:261)
	at org.testng.SuiteRunnerWorker.runSuite(SuiteRunnerWorker.java:52)
	at org.testng.SuiteRunnerWorker.run(SuiteRunnerWorker.java:86)
	at org.testng.TestNG.runSuitesSequentially(TestNG.java:1215)
	at org.testng.TestNG.runSuitesLocally(TestNG.java:1140)
	at org.testng.TestNG.run(TestNG.java:1048)
	at org.testng.remote.AbstractRemoteTestNG.run(AbstractRemoteTestNG.java:126)
	at org.testng.remote.RemoteTestNG.initAndRun(RemoteTestNG.java:152)
	at org.testng.remote.RemoteTestNG.main(RemoteTestNG.java:57)
Caused by: org.openqa.selenium.NoSuchElementException: Unable to locate element: {"method":"xpath","selector":"//button[text()='Synchronize']"}
For documentation on this error, please visit: http://seleniumhq.org/exceptions/no_such_element.html
Build info: version: '2.53.0', revision: '35ae25b', time: '2016-03-15 17:00:58'
System info: host: 'AmitSharma-PC', ip: '192.168.1.100', os.name: 'Windows 7', os.arch: 'x86', os.version: '6.1', java.version: '1.8.0_65'
Driver info: driver.version: unknown
	at <anonymous class>.FirefoxDriver.prototype.findElementInternal_(file:///C:/Users/AMITSH~1/AppData/Local/Temp/anonymous5769390223424499638webdriver-profile/extensions/fxdriver@googlecode.com/components/driver-component.js:10770)
	at <anonymous class>.fxdriver.Timer.prototype.setTimeout/<.notify(file:///C:/Users/AMITSH~1/AppData/Local/Temp/anonymous5769390223424499638webdriver-profile/extensions/fxdriver@googlecode.com/components/driver-component.js:625)
]]>
            </full-stacktrace>
          </exception> <!-- org.openqa.selenium.NoSuchElementException -->
          <reporter-output>
          </reporter-output>
        </test-method> <!-- synxAdditionalNumbermet -->
        <test-method status="PASS" signature="aftMet()[pri:0, instance:testCases.SyncBUSINESSPROCESSTestCase@12cc05a]" name="aftMet" is-config="true" duration-ms="1090" started-at="2016-08-10T19:24:44Z" finished-at="2016-08-10T19:24:45Z">
          <reporter-output>
          </reporter-output>
        </test-method> <!-- aftMet -->
      </class> <!-- testCases.SyncBUSINESSPROCESSTestCase -->
      <class name="testCases.SynchronizedTabTestcase">
        <test-method status="PASS" signature="commonMet()[pri:0, instance:testCases.SynchronizedTabTestcase@100a15d]" name="commonMet" is-config="true" duration-ms="54585" started-at="2016-08-10T19:08:01Z" finished-at="2016-08-10T19:08:55Z">
          <reporter-output>
          </reporter-output>
        </test-method> <!-- commonMet -->
        <test-method status="PASS" signature="clickonentityArea()[pri:0, instance:testCases.SynchronizedTabTestcase@100a15d]" name="clickonentityArea" duration-ms="50809" started-at="2016-08-10T19:08:55Z" finished-at="2016-08-10T19:09:46Z">
          <reporter-output>
          </reporter-output>
        </test-method> <!-- clickonentityArea -->
        <test-method status="PASS" signature="aftMet()[pri:0, instance:testCases.SynchronizedTabTestcase@100a15d]" name="aftMet" is-config="true" duration-ms="8635" started-at="2016-08-10T19:09:46Z" finished-at="2016-08-10T19:09:55Z">
          <reporter-output>
          </reporter-output>
        </test-method> <!-- aftMet -->
      </class> <!-- testCases.SynchronizedTabTestcase -->
      <class name="testCases.ContactBuilderTestCase">
        <test-method status="PASS" signature="commonMet()[pri:0, instance:testCases.ContactBuilderTestCase@19f379]" name="commonMet" is-config="true" duration-ms="16643" started-at="2016-08-10T19:17:37Z" finished-at="2016-08-10T19:17:53Z">
          <reporter-output>
          </reporter-output>
        </test-method> <!-- commonMet -->
        <test-method status="PASS" signature="contactBuildermet()[pri:0, instance:testCases.ContactBuilderTestCase@19f379]" name="contactBuildermet" duration-ms="24407" started-at="2016-08-10T19:17:53Z" finished-at="2016-08-10T19:18:18Z">
          <reporter-output>
          </reporter-output>
        </test-method> <!-- contactBuildermet -->
        <test-method status="PASS" signature="aftMet()[pri:0, instance:testCases.ContactBuilderTestCase@19f379]" name="aftMet" is-config="true" duration-ms="1017" started-at="2016-08-10T19:18:18Z" finished-at="2016-08-10T19:18:19Z">
          <reporter-output>
          </reporter-output>
        </test-method> <!-- aftMet -->
      </class> <!-- testCases.ContactBuilderTestCase -->
      <class name="testCases.LoginTestCase">
        <test-method status="PASS" signature="commonMet()[pri:0, instance:testCases.LoginTestCase@1efea79]" name="commonMet" is-config="true" duration-ms="12772" started-at="2016-08-10T19:11:17Z" finished-at="2016-08-10T19:11:30Z">
          <reporter-output>
          </reporter-output>
        </test-method> <!-- commonMet -->
        <test-method status="PASS" signature="loginMet()[pri:0, instance:testCases.LoginTestCase@1efea79]" name="loginMet" duration-ms="3239" started-at="2016-08-10T19:11:30Z" finished-at="2016-08-10T19:11:33Z">
          <reporter-output>
          </reporter-output>
        </test-method> <!-- loginMet -->
        <test-method status="PASS" signature="aftMet()[pri:0, instance:testCases.LoginTestCase@1efea79]" name="aftMet" is-config="true" duration-ms="704" started-at="2016-08-10T19:11:33Z" finished-at="2016-08-10T19:11:34Z">
          <reporter-output>
          </reporter-output>
        </test-method> <!-- aftMet -->
      </class> <!-- testCases.LoginTestCase -->
      <class name="testCases.EntityActivityTestcase">
        <test-method status="PASS" signature="commonMet()[pri:0, instance:testCases.EntityActivityTestcase@1629756]" name="commonMet" is-config="true" duration-ms="16237" started-at="2016-08-10T19:11:34Z" finished-at="2016-08-10T19:11:50Z">
          <reporter-output>
          </reporter-output>
        </test-method> <!-- commonMet -->
        <test-method status="PASS" signature="entityActivitymet()[pri:0, instance:testCases.EntityActivityTestcase@1629756]" name="entityActivitymet" duration-ms="38491" started-at="2016-08-10T19:11:50Z" finished-at="2016-08-10T19:12:29Z">
          <reporter-output>
          </reporter-output>
        </test-method> <!-- entityActivitymet -->
        <test-method status="PASS" signature="aftMet()[pri:0, instance:testCases.EntityActivityTestcase@1629756]" name="aftMet" is-config="true" duration-ms="1335" started-at="2016-08-10T19:12:29Z" finished-at="2016-08-10T19:12:30Z">
          <reporter-output>
          </reporter-output>
        </test-method> <!-- aftMet -->
      </class> <!-- testCases.EntityActivityTestcase -->
      <class name="testCases.SyncATTACHMENTTestCase">
        <test-method status="PASS" signature="commonMet()[pri:0, instance:testCases.SyncATTACHMENTTestCase@1081592]" name="commonMet" is-config="true" duration-ms="14819" started-at="2016-08-10T19:22:08Z" finished-at="2016-08-10T19:22:22Z">
          <reporter-output>
          </reporter-output>
        </test-method> <!-- commonMet -->
        <test-method status="FAIL" signature="synxAdditionalNumbermet()[pri:0, instance:testCases.SyncATTACHMENTTestCase@1081592]" name="synxAdditionalNumbermet" duration-ms="62639" started-at="2016-08-10T19:22:22Z" finished-at="2016-08-10T19:23:25Z">
          <exception class="org.openqa.selenium.NoSuchElementException">
            <message>
              <![CDATA[Unable to locate element: {"method":"xpath","selector":"//button[text()='Synchronize']"}
Command duration or timeout: 15.20 seconds
For documentation on this error, please visit: http://seleniumhq.org/exceptions/no_such_element.html
Build info: version: '2.53.0', revision: '35ae25b', time: '2016-03-15 17:00:58'
System info: host: 'AmitSharma-PC', ip: '192.168.1.100', os.name: 'Windows 7', os.arch: 'x86', os.version: '6.1', java.version: '1.8.0_65'
Driver info: org.openqa.selenium.firefox.FirefoxDriver
Capabilities [{applicationCacheEnabled=true, rotatable=false, handlesAlerts=true, databaseEnabled=true, version=46.0.1, platform=WINDOWS, nativeEvents=false, acceptSslCerts=true, webStorageEnabled=true, locationContextEnabled=true, browserName=firefox, takesScreenshot=true, javascriptEnabled=true, cssSelectorsEnabled=true}]
Session ID: ab8af743-eac7-4dd9-8223-2ed3ca4ee1fd
*** Element info: {Using=xpath, value=//button[text()='Synchronize']}]]>
            </message>
            <full-stacktrace>
              <![CDATA[org.openqa.selenium.NoSuchElementException: Unable to locate element: {"method":"xpath","selector":"//button[text()='Synchronize']"}
Command duration or timeout: 15.20 seconds
For documentation on this error, please visit: http://seleniumhq.org/exceptions/no_such_element.html
Build info: version: '2.53.0', revision: '35ae25b', time: '2016-03-15 17:00:58'
System info: host: 'AmitSharma-PC', ip: '192.168.1.100', os.name: 'Windows 7', os.arch: 'x86', os.version: '6.1', java.version: '1.8.0_65'
Driver info: org.openqa.selenium.firefox.FirefoxDriver
Capabilities [{applicationCacheEnabled=true, rotatable=false, handlesAlerts=true, databaseEnabled=true, version=46.0.1, platform=WINDOWS, nativeEvents=false, acceptSslCerts=true, webStorageEnabled=true, locationContextEnabled=true, browserName=firefox, takesScreenshot=true, javascriptEnabled=true, cssSelectorsEnabled=true}]
Session ID: ab8af743-eac7-4dd9-8223-2ed3ca4ee1fd
*** Element info: {Using=xpath, value=//button[text()='Synchronize']}
	at sun.reflect.GeneratedConstructorAccessor18.newInstance(Unknown Source)
	at sun.reflect.DelegatingConstructorAccessorImpl.newInstance(Unknown Source)
	at java.lang.reflect.Constructor.newInstance(Unknown Source)
	at org.openqa.selenium.remote.ErrorHandler.createThrowable(ErrorHandler.java:206)
	at org.openqa.selenium.remote.ErrorHandler.throwIfResponseFailed(ErrorHandler.java:158)
	at org.openqa.selenium.remote.RemoteWebDriver.execute(RemoteWebDriver.java:678)
	at org.openqa.selenium.remote.RemoteWebDriver.findElement(RemoteWebDriver.java:363)
	at org.openqa.selenium.remote.RemoteWebDriver.findElementByXPath(RemoteWebDriver.java:500)
	at pages.AvailableEntitiesPage.attachment(AvailableEntitiesPage.java:245)
	at testCases.SyncATTACHMENTTestCase.synxAdditionalNumbermet(SyncATTACHMENTTestCase.java:52)
	at sun.reflect.NativeMethodAccessorImpl.invoke0(Native Method)
	at sun.reflect.NativeMethodAccessorImpl.invoke(Unknown Source)
	at sun.reflect.DelegatingMethodAccessorImpl.invoke(Unknown Source)
	at java.lang.reflect.Method.invoke(Unknown Source)
	at org.testng.internal.MethodInvocationHelper.invokeMethod(MethodInvocationHelper.java:85)
	at org.testng.internal.Invoker.invokeMethod(Invoker.java:639)
	at org.testng.internal.Invoker.invokeTestMethod(Invoker.java:816)
	at org.testng.internal.Invoker.invokeTestMethods(Invoker.java:1124)
	at org.testng.internal.TestMethodWorker.invokeTestMethods(TestMethodWorker.java:125)
	at org.testng.internal.TestMethodWorker.run(TestMethodWorker.java:108)
	at org.testng.TestRunner.privateRun(TestRunner.java:774)
	at org.testng.TestRunner.run(TestRunner.java:624)
	at org.testng.SuiteRunner.runTest(SuiteRunner.java:359)
	at org.testng.SuiteRunner.runSequentially(SuiteRunner.java:354)
	at org.testng.SuiteRunner.privateRun(SuiteRunner.java:312)
	at org.testng.SuiteRunner.run(SuiteRunner.java:261)
	at org.testng.SuiteRunnerWorker.runSuite(SuiteRunnerWorker.java:52)
	at org.testng.SuiteRunnerWorker.run(SuiteRunnerWorker.java:86)
	at org.testng.TestNG.runSuitesSequentially(TestNG.java:1215)
	at org.testng.TestNG.runSuitesLocally(TestNG.java:1140)
	at org.testng.TestNG.run(TestNG.java:1048)
	at org.testng.remote.AbstractRemoteTestNG.run(AbstractRemoteTestNG.java:126)
	at org.testng.remote.RemoteTestNG.initAndRun(RemoteTestNG.java:152)
	at org.testng.remote.RemoteTestNG.main(RemoteTestNG.java:57)
Caused by: org.openqa.selenium.NoSuchElementException: Unable to locate element: {"method":"xpath","selector":"//button[text()='Synchronize']"}
For documentation on this error, please visit: http://seleniumhq.org/exceptions/no_such_element.html
Build info: version: '2.53.0', revision: '35ae25b', time: '2016-03-15 17:00:58'
System info: host: 'AmitSharma-PC', ip: '192.168.1.100', os.name: 'Windows 7', os.arch: 'x86', os.version: '6.1', java.version: '1.8.0_65'
Driver info: driver.version: unknown
	at <anonymous class>.FirefoxDriver.prototype.findElementInternal_(file:///C:/Users/AMITSH~1/AppData/Local/Temp/anonymous7759036976878552749webdriver-profile/extensions/fxdriver@googlecode.com/components/driver-component.js:10770)
	at <anonymous class>.fxdriver.Timer.prototype.setTimeout/<.notify(file:///C:/Users/AMITSH~1/AppData/Local/Temp/anonymous7759036976878552749webdriver-profile/extensions/fxdriver@googlecode.com/components/driver-component.js:625)
]]>
            </full-stacktrace>
          </exception> <!-- org.openqa.selenium.NoSuchElementException -->
          <reporter-output>
          </reporter-output>
        </test-method> <!-- synxAdditionalNumbermet -->
        <test-method status="PASS" signature="aftMet()[pri:0, instance:testCases.SyncATTACHMENTTestCase@1081592]" name="aftMet" is-config="true" duration-ms="892" started-at="2016-08-10T19:23:25Z" finished-at="2016-08-10T19:23:26Z">
          <reporter-output>
          </reporter-output>
        </test-method> <!-- aftMet -->
      </class> <!-- testCases.SyncATTACHMENTTestCase -->
      <class name="testCases.SynxAdditionalNumberTestcase">
        <test-method status="PASS" signature="commonMet()[pri:0, instance:testCases.SynxAdditionalNumberTestcase@1c7cbad]" name="commonMet" is-config="true" duration-ms="12266" started-at="2016-08-10T19:20:54Z" finished-at="2016-08-10T19:21:06Z">
          <reporter-output>
          </reporter-output>
        </test-method> <!-- commonMet -->
        <test-method status="FAIL" signature="synxAdditionalNumbermet()[pri:0, instance:testCases.SynxAdditionalNumberTestcase@1c7cbad]" name="synxAdditionalNumbermet" duration-ms="60048" started-at="2016-08-10T19:21:06Z" finished-at="2016-08-10T19:22:06Z">
          <exception class="org.openqa.selenium.NoSuchElementException">
            <message>
              <![CDATA[Unable to locate element: {"method":"xpath","selector":"//button[text()='Synchronize']"}
Command duration or timeout: 15.10 seconds
For documentation on this error, please visit: http://seleniumhq.org/exceptions/no_such_element.html
Build info: version: '2.53.0', revision: '35ae25b', time: '2016-03-15 17:00:58'
System info: host: 'AmitSharma-PC', ip: '192.168.1.100', os.name: 'Windows 7', os.arch: 'x86', os.version: '6.1', java.version: '1.8.0_65'
Driver info: org.openqa.selenium.firefox.FirefoxDriver
Capabilities [{applicationCacheEnabled=true, rotatable=false, handlesAlerts=true, databaseEnabled=true, version=46.0.1, platform=WINDOWS, nativeEvents=false, acceptSslCerts=true, webStorageEnabled=true, locationContextEnabled=true, browserName=firefox, takesScreenshot=true, javascriptEnabled=true, cssSelectorsEnabled=true}]
Session ID: 005421cc-1314-4d8a-9eac-de8f140bde04
*** Element info: {Using=xpath, value=//button[text()='Synchronize']}]]>
            </message>
            <full-stacktrace>
              <![CDATA[org.openqa.selenium.NoSuchElementException: Unable to locate element: {"method":"xpath","selector":"//button[text()='Synchronize']"}
Command duration or timeout: 15.10 seconds
For documentation on this error, please visit: http://seleniumhq.org/exceptions/no_such_element.html
Build info: version: '2.53.0', revision: '35ae25b', time: '2016-03-15 17:00:58'
System info: host: 'AmitSharma-PC', ip: '192.168.1.100', os.name: 'Windows 7', os.arch: 'x86', os.version: '6.1', java.version: '1.8.0_65'
Driver info: org.openqa.selenium.firefox.FirefoxDriver
Capabilities [{applicationCacheEnabled=true, rotatable=false, handlesAlerts=true, databaseEnabled=true, version=46.0.1, platform=WINDOWS, nativeEvents=false, acceptSslCerts=true, webStorageEnabled=true, locationContextEnabled=true, browserName=firefox, takesScreenshot=true, javascriptEnabled=true, cssSelectorsEnabled=true}]
Session ID: 005421cc-1314-4d8a-9eac-de8f140bde04
*** Element info: {Using=xpath, value=//button[text()='Synchronize']}
	at sun.reflect.GeneratedConstructorAccessor18.newInstance(Unknown Source)
	at sun.reflect.DelegatingConstructorAccessorImpl.newInstance(Unknown Source)
	at java.lang.reflect.Constructor.newInstance(Unknown Source)
	at org.openqa.selenium.remote.ErrorHandler.createThrowable(ErrorHandler.java:206)
	at org.openqa.selenium.remote.ErrorHandler.throwIfResponseFailed(ErrorHandler.java:158)
	at org.openqa.selenium.remote.RemoteWebDriver.execute(RemoteWebDriver.java:678)
	at org.openqa.selenium.remote.RemoteWebDriver.findElement(RemoteWebDriver.java:363)
	at org.openqa.selenium.remote.RemoteWebDriver.findElementByXPath(RemoteWebDriver.java:500)
	at pages.AvailableEntitiesPage.additionalNumber(AvailableEntitiesPage.java:87)
	at testCases.SynxAdditionalNumberTestcase.synxAdditionalNumbermet(SynxAdditionalNumberTestcase.java:51)
	at sun.reflect.NativeMethodAccessorImpl.invoke0(Native Method)
	at sun.reflect.NativeMethodAccessorImpl.invoke(Unknown Source)
	at sun.reflect.DelegatingMethodAccessorImpl.invoke(Unknown Source)
	at java.lang.reflect.Method.invoke(Unknown Source)
	at org.testng.internal.MethodInvocationHelper.invokeMethod(MethodInvocationHelper.java:85)
	at org.testng.internal.Invoker.invokeMethod(Invoker.java:639)
	at org.testng.internal.Invoker.invokeTestMethod(Invoker.java:816)
	at org.testng.internal.Invoker.invokeTestMethods(Invoker.java:1124)
	at org.testng.internal.TestMethodWorker.invokeTestMethods(TestMethodWorker.java:125)
	at org.testng.internal.TestMethodWorker.run(TestMethodWorker.java:108)
	at org.testng.TestRunner.privateRun(TestRunner.java:774)
	at org.testng.TestRunner.run(TestRunner.java:624)
	at org.testng.SuiteRunner.runTest(SuiteRunner.java:359)
	at org.testng.SuiteRunner.runSequentially(SuiteRunner.java:354)
	at org.testng.SuiteRunner.privateRun(SuiteRunner.java:312)
	at org.testng.SuiteRunner.run(SuiteRunner.java:261)
	at org.testng.SuiteRunnerWorker.runSuite(SuiteRunnerWorker.java:52)
	at org.testng.SuiteRunnerWorker.run(SuiteRunnerWorker.java:86)
	at org.testng.TestNG.runSuitesSequentially(TestNG.java:1215)
	at org.testng.TestNG.runSuitesLocally(TestNG.java:1140)
	at org.testng.TestNG.run(TestNG.java:1048)
	at org.testng.remote.AbstractRemoteTestNG.run(AbstractRemoteTestNG.java:126)
	at org.testng.remote.RemoteTestNG.initAndRun(RemoteTestNG.java:152)
	at org.testng.remote.RemoteTestNG.main(RemoteTestNG.java:57)
Caused by: org.openqa.selenium.NoSuchElementException: Unable to locate element: {"method":"xpath","selector":"//button[text()='Synchronize']"}
For documentation on this error, please visit: http://seleniumhq.org/exceptions/no_such_element.html
Build info: version: '2.53.0', revision: '35ae25b', time: '2016-03-15 17:00:58'
System info: host: 'AmitSharma-PC', ip: '192.168.1.100', os.name: 'Windows 7', os.arch: 'x86', os.version: '6.1', java.version: '1.8.0_65'
Driver info: driver.version: unknown
	at <anonymous class>.FirefoxDriver.prototype.findElementInternal_(file:///C:/Users/AMITSH~1/AppData/Local/Temp/anonymous6929831713575234343webdriver-profile/extensions/fxdriver@googlecode.com/components/driver-component.js:10770)
	at <anonymous class>.fxdriver.Timer.prototype.setTimeout/<.notify(file:///C:/Users/AMITSH~1/AppData/Local/Temp/anonymous6929831713575234343webdriver-profile/extensions/fxdriver@googlecode.com/components/driver-component.js:625)
]]>
            </full-stacktrace>
          </exception> <!-- org.openqa.selenium.NoSuchElementException -->
          <reporter-output>
          </reporter-output>
        </test-method> <!-- synxAdditionalNumbermet -->
        <test-method status="PASS" signature="aftMet()[pri:0, instance:testCases.SynxAdditionalNumberTestcase@1c7cbad]" name="aftMet" is-config="true" duration-ms="1285" started-at="2016-08-10T19:22:06Z" finished-at="2016-08-10T19:22:08Z">
          <reporter-output>
          </reporter-output>
        </test-method> <!-- aftMet -->
      </class> <!-- testCases.SynxAdditionalNumberTestcase -->
      <class name="testCases.LoginTestCase2">
        <test-method status="PASS" signature="commonMet()[pri:0, instance:testCases.LoginTestCase2@15b5592]" name="commonMet" is-config="true" duration-ms="14488" started-at="2016-08-10T19:19:38Z" finished-at="2016-08-10T19:19:53Z">
          <reporter-output>
          </reporter-output>
        </test-method> <!-- commonMet -->
        <test-method status="PASS" signature="loginMet(java.lang.String, java.lang.String)[pri:0, instance:testCases.LoginTestCase2@15b5592]" name="loginMet" duration-ms="2240" started-at="2016-08-10T19:19:53Z" data-provider="dp2" finished-at="2016-08-10T19:19:55Z">
          <params>
            <param index="0">
              <value>
                <![CDATA[Username]]>
              </value>
            </param>
            <param index="1">
              <value>
                <![CDATA[Username]]>
              </value>
            </param>
          </params>
          <reporter-output>
          </reporter-output>
        </test-method> <!-- loginMet -->
        <test-method status="PASS" signature="aftMet()[pri:0, instance:testCases.LoginTestCase2@15b5592]" name="aftMet" is-config="true" duration-ms="640" started-at="2016-08-10T19:19:55Z" finished-at="2016-08-10T19:19:56Z">
          <reporter-output>
          </reporter-output>
        </test-method> <!-- aftMet -->
        <test-method status="PASS" signature="commonMet()[pri:0, instance:testCases.LoginTestCase2@15b5592]" name="commonMet" is-config="true" duration-ms="12505" started-at="2016-08-10T19:19:56Z" finished-at="2016-08-10T19:20:08Z">
          <reporter-output>
          </reporter-output>
        </test-method> <!-- commonMet -->
        <test-method status="PASS" signature="loginMet(java.lang.String, java.lang.String)[pri:0, instance:testCases.LoginTestCase2@15b5592]" name="loginMet" duration-ms="2098" started-at="2016-08-10T19:20:08Z" data-provider="dp2" finished-at="2016-08-10T19:20:10Z">
          <params>
            <param index="0">
              <value>
                <![CDATA[s4_ent2_prod@sfv5.com]]>
              </value>
            </param>
            <param index="1">
              <value>
                <![CDATA[s4_ent2_prod@sfv5.com]]>
              </value>
            </param>
          </params>
          <reporter-output>
          </reporter-output>
        </test-method> <!-- loginMet -->
        <test-method status="PASS" signature="aftMet()[pri:0, instance:testCases.LoginTestCase2@15b5592]" name="aftMet" is-config="true" duration-ms="717" started-at="2016-08-10T19:20:10Z" finished-at="2016-08-10T19:20:11Z">
          <reporter-output>
          </reporter-output>
        </test-method> <!-- aftMet -->
        <test-method status="PASS" signature="commonMet()[pri:0, instance:testCases.LoginTestCase2@15b5592]" name="commonMet" is-config="true" duration-ms="18164" started-at="2016-08-10T19:20:11Z" finished-at="2016-08-10T19:20:29Z">
          <reporter-output>
          </reporter-output>
        </test-method> <!-- commonMet -->
        <test-method status="PASS" signature="loginMet(java.lang.String, java.lang.String)[pri:0, instance:testCases.LoginTestCase2@15b5592]" name="loginMet" duration-ms="2352" started-at="2016-08-10T19:20:29Z" data-provider="dp2" finished-at="2016-08-10T19:20:32Z">
          <params>
            <param index="0">
              <value>
                <![CDATA[s5_ent2_prod@sfv5.com]]>
              </value>
            </param>
            <param index="1">
              <value>
                <![CDATA[s5_ent2_prod@sfv5.com]]>
              </value>
            </param>
          </params>
          <reporter-output>
          </reporter-output>
        </test-method> <!-- loginMet -->
        <test-method status="PASS" signature="aftMet()[pri:0, instance:testCases.LoginTestCase2@15b5592]" name="aftMet" is-config="true" duration-ms="2167" started-at="2016-08-10T19:20:32Z" finished-at="2016-08-10T19:20:34Z">
          <reporter-output>
          </reporter-output>
        </test-method> <!-- aftMet -->
        <test-method status="PASS" signature="commonMet()[pri:0, instance:testCases.LoginTestCase2@15b5592]" name="commonMet" is-config="true" duration-ms="18004" started-at="2016-08-10T19:20:34Z" finished-at="2016-08-10T19:20:52Z">
          <reporter-output>
          </reporter-output>
        </test-method> <!-- commonMet -->
        <test-method status="PASS" signature="loginMet(java.lang.String, java.lang.String)[pri:0, instance:testCases.LoginTestCase2@15b5592]" name="loginMet" duration-ms="1764" started-at="2016-08-10T19:20:52Z" data-provider="dp2" finished-at="2016-08-10T19:20:54Z">
          <params>
            <param index="0">
              <value>
                <![CDATA[s6_ent2_prod@sfv5.com]]>
              </value>
            </param>
            <param index="1">
              <value>
                <![CDATA[s6_ent2_prod@sfv5.com]]>
              </value>
            </param>
          </params>
          <reporter-output>
          </reporter-output>
        </test-method> <!-- loginMet -->
        <test-method status="PASS" signature="aftMet()[pri:0, instance:testCases.LoginTestCase2@15b5592]" name="aftMet" is-config="true" duration-ms="416" started-at="2016-08-10T19:20:54Z" finished-at="2016-08-10T19:20:54Z">
          <reporter-output>
          </reporter-output>
        </test-method> <!-- aftMet -->
      </class> <!-- testCases.LoginTestCase2 -->
      <class name="testCases.AvailableEntitiesPage2ytestcase">
        <test-method status="PASS" signature="commonMet()[pri:0, instance:testCases.AvailableEntitiesPage2ytestcase@ee68d8]" name="commonMet" is-config="true" duration-ms="17482" started-at="2016-08-10T19:16:14Z" finished-at="2016-08-10T19:16:31Z">
          <reporter-output>
          </reporter-output>
        </test-method> <!-- commonMet -->
        <test-method status="FAIL" signature="synxAdditionalNumbermet()[pri:0, instance:testCases.AvailableEntitiesPage2ytestcase@ee68d8]" name="synxAdditionalNumbermet" duration-ms="64223" started-at="2016-08-10T19:16:31Z" finished-at="2016-08-10T19:17:36Z">
          <exception class="org.openqa.selenium.NoSuchElementException">
            <message>
              <![CDATA[Unable to locate element: {"method":"xpath","selector":"//button[text()='Synchronize']"}
Command duration or timeout: 15.19 seconds
For documentation on this error, please visit: http://seleniumhq.org/exceptions/no_such_element.html
Build info: version: '2.53.0', revision: '35ae25b', time: '2016-03-15 17:00:58'
System info: host: 'AmitSharma-PC', ip: '192.168.1.100', os.name: 'Windows 7', os.arch: 'x86', os.version: '6.1', java.version: '1.8.0_65'
Driver info: org.openqa.selenium.firefox.FirefoxDriver
Capabilities [{applicationCacheEnabled=true, rotatable=false, handlesAlerts=true, databaseEnabled=true, version=46.0.1, platform=WINDOWS, nativeEvents=false, acceptSslCerts=true, webStorageEnabled=true, locationContextEnabled=true, browserName=firefox, takesScreenshot=true, javascriptEnabled=true, cssSelectorsEnabled=true}]
Session ID: e04278a9-a6e3-44da-ba93-71c8a2604e33
*** Element info: {Using=xpath, value=//button[text()='Synchronize']}]]>
            </message>
            <full-stacktrace>
              <![CDATA[org.openqa.selenium.NoSuchElementException: Unable to locate element: {"method":"xpath","selector":"//button[text()='Synchronize']"}
Command duration or timeout: 15.19 seconds
For documentation on this error, please visit: http://seleniumhq.org/exceptions/no_such_element.html
Build info: version: '2.53.0', revision: '35ae25b', time: '2016-03-15 17:00:58'
System info: host: 'AmitSharma-PC', ip: '192.168.1.100', os.name: 'Windows 7', os.arch: 'x86', os.version: '6.1', java.version: '1.8.0_65'
Driver info: org.openqa.selenium.firefox.FirefoxDriver
Capabilities [{applicationCacheEnabled=true, rotatable=false, handlesAlerts=true, databaseEnabled=true, version=46.0.1, platform=WINDOWS, nativeEvents=false, acceptSslCerts=true, webStorageEnabled=true, locationContextEnabled=true, browserName=firefox, takesScreenshot=true, javascriptEnabled=true, cssSelectorsEnabled=true}]
Session ID: e04278a9-a6e3-44da-ba93-71c8a2604e33
*** Element info: {Using=xpath, value=//button[text()='Synchronize']}
	at sun.reflect.GeneratedConstructorAccessor15.newInstance(Unknown Source)
	at sun.reflect.DelegatingConstructorAccessorImpl.newInstance(Unknown Source)
	at java.lang.reflect.Constructor.newInstance(Unknown Source)
	at org.openqa.selenium.remote.ErrorHandler.createThrowable(ErrorHandler.java:206)
	at org.openqa.selenium.remote.ErrorHandler.throwIfResponseFailed(ErrorHandler.java:158)
	at org.openqa.selenium.remote.RemoteWebDriver.execute(RemoteWebDriver.java:678)
	at org.openqa.selenium.remote.RemoteWebDriver.findElement(RemoteWebDriver.java:363)
	at org.openqa.selenium.remote.RemoteWebDriver.findElementByXPath(RemoteWebDriver.java:500)
	at pages.AvailableEntitiesPage.user(AvailableEntitiesPage.java:25)
	at testCases.AvailableEntitiesPage2ytestcase.synxAdditionalNumbermet(AvailableEntitiesPage2ytestcase.java:52)
	at sun.reflect.NativeMethodAccessorImpl.invoke0(Native Method)
	at sun.reflect.NativeMethodAccessorImpl.invoke(Unknown Source)
	at sun.reflect.DelegatingMethodAccessorImpl.invoke(Unknown Source)
	at java.lang.reflect.Method.invoke(Unknown Source)
	at org.testng.internal.MethodInvocationHelper.invokeMethod(MethodInvocationHelper.java:85)
	at org.testng.internal.Invoker.invokeMethod(Invoker.java:639)
	at org.testng.internal.Invoker.invokeTestMethod(Invoker.java:816)
	at org.testng.internal.Invoker.invokeTestMethods(Invoker.java:1124)
	at org.testng.internal.TestMethodWorker.invokeTestMethods(TestMethodWorker.java:125)
	at org.testng.internal.TestMethodWorker.run(TestMethodWorker.java:108)
	at org.testng.TestRunner.privateRun(TestRunner.java:774)
	at org.testng.TestRunner.run(TestRunner.java:624)
	at org.testng.SuiteRunner.runTest(SuiteRunner.java:359)
	at org.testng.SuiteRunner.runSequentially(SuiteRunner.java:354)
	at org.testng.SuiteRunner.privateRun(SuiteRunner.java:312)
	at org.testng.SuiteRunner.run(SuiteRunner.java:261)
	at org.testng.SuiteRunnerWorker.runSuite(SuiteRunnerWorker.java:52)
	at org.testng.SuiteRunnerWorker.run(SuiteRunnerWorker.java:86)
	at org.testng.TestNG.runSuitesSequentially(TestNG.java:1215)
	at org.testng.TestNG.runSuitesLocally(TestNG.java:1140)
	at org.testng.TestNG.run(TestNG.java:1048)
	at org.testng.remote.AbstractRemoteTestNG.run(AbstractRemoteTestNG.java:126)
	at org.testng.remote.RemoteTestNG.initAndRun(RemoteTestNG.java:152)
	at org.testng.remote.RemoteTestNG.main(RemoteTestNG.java:57)
Caused by: org.openqa.selenium.NoSuchElementException: Unable to locate element: {"method":"xpath","selector":"//button[text()='Synchronize']"}
For documentation on this error, please visit: http://seleniumhq.org/exceptions/no_such_element.html
Build info: version: '2.53.0', revision: '35ae25b', time: '2016-03-15 17:00:58'
System info: host: 'AmitSharma-PC', ip: '192.168.1.100', os.name: 'Windows 7', os.arch: 'x86', os.version: '6.1', java.version: '1.8.0_65'
Driver info: driver.version: unknown
	at <anonymous class>.FirefoxDriver.prototype.findElementInternal_(file:///C:/Users/AMITSH~1/AppData/Local/Temp/anonymous6937375264056716968webdriver-profile/extensions/fxdriver@googlecode.com/components/driver-component.js:10770)
	at <anonymous class>.fxdriver.Timer.prototype.setTimeout/<.notify(file:///C:/Users/AMITSH~1/AppData/Local/Temp/anonymous6937375264056716968webdriver-profile/extensions/fxdriver@googlecode.com/components/driver-component.js:625)
]]>
            </full-stacktrace>
          </exception> <!-- org.openqa.selenium.NoSuchElementException -->
          <reporter-output>
          </reporter-output>
        </test-method> <!-- synxAdditionalNumbermet -->
        <test-method status="PASS" signature="aftMet()[pri:0, instance:testCases.AvailableEntitiesPage2ytestcase@ee68d8]" name="aftMet" is-config="true" duration-ms="1128" started-at="2016-08-10T19:17:36Z" finished-at="2016-08-10T19:17:37Z">
          <reporter-output>
          </reporter-output>
        </test-method> <!-- aftMet -->
      </class> <!-- testCases.AvailableEntitiesPage2ytestcase -->
      <class name="testCases.SyncLEADTestCase">
        <test-method status="PASS" signature="commonMet()[pri:0, instance:testCases.SyncLEADTestCase@34c75a]" name="commonMet" is-config="true" duration-ms="20316" started-at="2016-08-10T19:14:44Z" finished-at="2016-08-10T19:15:05Z">
          <reporter-output>
          </reporter-output>
        </test-method> <!-- commonMet -->
        <test-method status="FAIL" signature="synxAdditionalNumbermet()[pri:0, instance:testCases.SyncLEADTestCase@34c75a]" name="synxAdditionalNumbermet" duration-ms="67027" started-at="2016-08-10T19:15:05Z" finished-at="2016-08-10T19:16:12Z">
          <exception class="org.openqa.selenium.NoSuchElementException">
            <message>
              <![CDATA[Unable to locate element: {"method":"xpath","selector":"//button[text()='Synchronize']"}
Command duration or timeout: 15.14 seconds
For documentation on this error, please visit: http://seleniumhq.org/exceptions/no_such_element.html
Build info: version: '2.53.0', revision: '35ae25b', time: '2016-03-15 17:00:58'
System info: host: 'AmitSharma-PC', ip: '192.168.1.100', os.name: 'Windows 7', os.arch: 'x86', os.version: '6.1', java.version: '1.8.0_65'
Driver info: org.openqa.selenium.firefox.FirefoxDriver
Capabilities [{applicationCacheEnabled=true, rotatable=false, handlesAlerts=true, databaseEnabled=true, version=46.0.1, platform=WINDOWS, nativeEvents=false, acceptSslCerts=true, webStorageEnabled=true, locationContextEnabled=true, browserName=firefox, takesScreenshot=true, javascriptEnabled=true, cssSelectorsEnabled=true}]
Session ID: 3fb0474d-3b42-4977-8188-5a757be707d0
*** Element info: {Using=xpath, value=//button[text()='Synchronize']}]]>
            </message>
            <full-stacktrace>
              <![CDATA[org.openqa.selenium.NoSuchElementException: Unable to locate element: {"method":"xpath","selector":"//button[text()='Synchronize']"}
Command duration or timeout: 15.14 seconds
For documentation on this error, please visit: http://seleniumhq.org/exceptions/no_such_element.html
Build info: version: '2.53.0', revision: '35ae25b', time: '2016-03-15 17:00:58'
System info: host: 'AmitSharma-PC', ip: '192.168.1.100', os.name: 'Windows 7', os.arch: 'x86', os.version: '6.1', java.version: '1.8.0_65'
Driver info: org.openqa.selenium.firefox.FirefoxDriver
Capabilities [{applicationCacheEnabled=true, rotatable=false, handlesAlerts=true, databaseEnabled=true, version=46.0.1, platform=WINDOWS, nativeEvents=false, acceptSslCerts=true, webStorageEnabled=true, locationContextEnabled=true, browserName=firefox, takesScreenshot=true, javascriptEnabled=true, cssSelectorsEnabled=true}]
Session ID: 3fb0474d-3b42-4977-8188-5a757be707d0
*** Element info: {Using=xpath, value=//button[text()='Synchronize']}
	at sun.reflect.GeneratedConstructorAccessor15.newInstance(Unknown Source)
	at sun.reflect.DelegatingConstructorAccessorImpl.newInstance(Unknown Source)
	at java.lang.reflect.Constructor.newInstance(Unknown Source)
	at org.openqa.selenium.remote.ErrorHandler.createThrowable(ErrorHandler.java:206)
	at org.openqa.selenium.remote.ErrorHandler.throwIfResponseFailed(ErrorHandler.java:158)
	at org.openqa.selenium.remote.RemoteWebDriver.execute(RemoteWebDriver.java:678)
	at org.openqa.selenium.remote.RemoteWebDriver.findElement(RemoteWebDriver.java:363)
	at org.openqa.selenium.remote.RemoteWebDriver.findElementByXPath(RemoteWebDriver.java:500)
	at pages.AvailableEntitiesPage.additionalNumber(AvailableEntitiesPage.java:87)
	at testCases.SyncLEADTestCase.synxAdditionalNumbermet(SyncLEADTestCase.java:52)
	at sun.reflect.NativeMethodAccessorImpl.invoke0(Native Method)
	at sun.reflect.NativeMethodAccessorImpl.invoke(Unknown Source)
	at sun.reflect.DelegatingMethodAccessorImpl.invoke(Unknown Source)
	at java.lang.reflect.Method.invoke(Unknown Source)
	at org.testng.internal.MethodInvocationHelper.invokeMethod(MethodInvocationHelper.java:85)
	at org.testng.internal.Invoker.invokeMethod(Invoker.java:639)
	at org.testng.internal.Invoker.invokeTestMethod(Invoker.java:816)
	at org.testng.internal.Invoker.invokeTestMethods(Invoker.java:1124)
	at org.testng.internal.TestMethodWorker.invokeTestMethods(TestMethodWorker.java:125)
	at org.testng.internal.TestMethodWorker.run(TestMethodWorker.java:108)
	at org.testng.TestRunner.privateRun(TestRunner.java:774)
	at org.testng.TestRunner.run(TestRunner.java:624)
	at org.testng.SuiteRunner.runTest(SuiteRunner.java:359)
	at org.testng.SuiteRunner.runSequentially(SuiteRunner.java:354)
	at org.testng.SuiteRunner.privateRun(SuiteRunner.java:312)
	at org.testng.SuiteRunner.run(SuiteRunner.java:261)
	at org.testng.SuiteRunnerWorker.runSuite(SuiteRunnerWorker.java:52)
	at org.testng.SuiteRunnerWorker.run(SuiteRunnerWorker.java:86)
	at org.testng.TestNG.runSuitesSequentially(TestNG.java:1215)
	at org.testng.TestNG.runSuitesLocally(TestNG.java:1140)
	at org.testng.TestNG.run(TestNG.java:1048)
	at org.testng.remote.AbstractRemoteTestNG.run(AbstractRemoteTestNG.java:126)
	at org.testng.remote.RemoteTestNG.initAndRun(RemoteTestNG.java:152)
	at org.testng.remote.RemoteTestNG.main(RemoteTestNG.java:57)
Caused by: org.openqa.selenium.NoSuchElementException: Unable to locate element: {"method":"xpath","selector":"//button[text()='Synchronize']"}
For documentation on this error, please visit: http://seleniumhq.org/exceptions/no_such_element.html
Build info: version: '2.53.0', revision: '35ae25b', time: '2016-03-15 17:00:58'
System info: host: 'AmitSharma-PC', ip: '192.168.1.100', os.name: 'Windows 7', os.arch: 'x86', os.version: '6.1', java.version: '1.8.0_65'
Driver info: driver.version: unknown
	at <anonymous class>.FirefoxDriver.prototype.findElementInternal_(file:///C:/Users/AMITSH~1/AppData/Local/Temp/anonymous3886754285002985848webdriver-profile/extensions/fxdriver@googlecode.com/components/driver-component.js:10770)
	at <anonymous class>.fxdriver.Timer.prototype.setTimeout/<.notify(file:///C:/Users/AMITSH~1/AppData/Local/Temp/anonymous3886754285002985848webdriver-profile/extensions/fxdriver@googlecode.com/components/driver-component.js:625)
]]>
            </full-stacktrace>
          </exception> <!-- org.openqa.selenium.NoSuchElementException -->
          <reporter-output>
          </reporter-output>
        </test-method> <!-- synxAdditionalNumbermet -->
        <test-method status="PASS" signature="aftMet()[pri:0, instance:testCases.SyncLEADTestCase@34c75a]" name="aftMet" is-config="true" duration-ms="1870" started-at="2016-08-10T19:16:12Z" finished-at="2016-08-10T19:16:14Z">
          <reporter-output>
          </reporter-output>
        </test-method> <!-- aftMet -->
      </class> <!-- testCases.SyncLEADTestCase -->
    </test> <!-- Test -->
  </suite> <!-- Suite -->
</testng-results>
